Using pre-set license
Built from '2020.3/staging' branch; Version is '2020.3.25f1 (9b9180224418) revision 10195328'; Using compiler version '192528614'; Build Type 'Release'
OS: 'Windows 11  (10.0.22000) 64bit Core' Language: 'en' Physical Memory: 15720 MB
BatchMode: 1, IsHumanControllingUs: 0, StartBugReporterOnCrash: 0, Is64bit: 1, IsPro: 0

COMMAND LINE ARGUMENTS:
C:\Program Files\Unity\Hub\Editor\2020.3.25f1\Editor\Unity.exe
-adb2
-batchMode
-noUpm
-name
AssetImportWorker0
-projectPath
C:/Users/jacob/Desktop/Project-Airship/ProjectAirship
-logFile
Logs/AssetImportWorker0.log
-srvPort
53958
Successfully changed project path to: C:/Users/jacob/Desktop/Project-Airship/ProjectAirship
C:/Users/jacob/Desktop/Project-Airship/ProjectAirship
Using Asset Import Pipeline V2.
Refreshing native plugins compatible for Editor in 122.51 ms, found 14 plugins.
Preloading 2 native plugins for Editor in 3.99 ms.
Initialize engine version: 2020.3.25f1 (9b9180224418)
[Subsystems] Discovering subsystems at path C:/Program Files/Unity/Hub/Editor/2020.3.25f1/Editor/Data/Resources/UnitySubsystems
[Subsystems] Discovering subsystems at path C:/Users/jacob/Desktop/Project-Airship/ProjectAirship/Assets
GfxDevice: creating device client; threaded=0
Direct3D:
    Version:  Direct3D 11.0 [level 11.1]
    Renderer: AMD Radeon(TM) Graphics (ID=0x164c)
    Vendor:   
    VRAM:     7860 MB
    Driver:   30.0.13014.8
Initialize mono
Mono path[0] = 'C:/Program Files/Unity/Hub/Editor/2020.3.25f1/Editor/Data/Managed'
Mono path[1] = 'C:/Program Files/Unity/Hub/Editor/2020.3.25f1/Editor/Data/MonoBleedingEdge/lib/mono/unityjit'
Mono config path = 'C:/Program Files/Unity/Hub/Editor/2020.3.25f1/Editor/Data/MonoBleedingEdge/etc'
Using monoOptions --debugger-agent=transport=dt_socket,embedding=1,server=y,suspend=n,address=127.0.0.1:56996
Begin MonoManager ReloadAssembly
Registering precompiled unity dll's ...
Register platform support module: C:/Program Files/Unity/Hub/Editor/2020.3.25f1/Editor/Data/PlaybackEngines/WindowsStandaloneSupport/UnityEditor.WindowsStandalone.Extensions.dll
Registered in 0.003612 seconds.
Native extension for WindowsStandalone target not found
Refreshing native plugins compatible for Editor in 74.82 ms, found 14 plugins.
Preloading 2 native plugins for Editor in 0.22 ms.
Mono: successfully reloaded assembly
- Completed reload, in  0.861 seconds
Domain Reload Profiling:
	ReloadAssembly (862ms)
		BeginReloadAssembly (75ms)
			ExecutionOrderSort (0ms)
			DisableScriptedObjects (0ms)
			BackupInstance (0ms)
			ReleaseScriptingObjects (0ms)
			CreateAndSetChildDomain (1ms)
		EndReloadAssembly (678ms)
			LoadAssemblies (71ms)
			RebuildTransferFunctionScriptingTraits (0ms)
			SetupTypeCache (225ms)
			ReleaseScriptCaches (0ms)
			RebuildScriptCaches (42ms)
			SetupLoadedEditorAssemblies (259ms)
				LogAssemblyErrors (0ms)
				InitializePlatformSupportModulesInManaged (6ms)
				SetLoadedEditorAssemblies (0ms)
				RefreshPlugins (75ms)
				BeforeProcessingInitializeOnLoad (22ms)
				ProcessInitializeOnLoadAttributes (116ms)
				ProcessInitializeOnLoadMethodAttributes (39ms)
				AfterProcessingInitializeOnLoad (0ms)
				EditorAssembliesLoaded (0ms)
			ExecutionOrderSort2 (0ms)
			AwakeInstancesAfterBackupRestoration (0ms)
Platform modules already initialized, skipping
Registering precompiled user dll's ...
Registered in 0.025050 seconds.
Begin MonoManager ReloadAssembly
Native extension for WindowsStandalone target not found
Refreshing native plugins compatible for Editor in 1.14 ms, found 14 plugins.
Preloading 2 native plugins for Editor in 0.25 ms.
[XR] OculusXRPlugin: registering subsystems
[XR] Unable to register display lifecyle provider: [1]
[XR] Oculus Input lifecycle provider registered.
[XR] Unable to register input lifecyle provider: [1]
System.Reflection.TargetInvocationException: Exception has been thrown by the target of an invocation. ---> System.NullReferenceException: Object reference not set to an instance of an object
  at Unity.XR.Oculus.OculusLoader.AssetPathToAbsolutePath (System.String assetPath) [0x00048] in C:\Users\jacob\Desktop\Project-Airship\ProjectAirship\Library\PackageCache\com.unity.xr.oculus@1.11.0\Runtime\OculusLoader.cs:250 
  at Unity.XR.Oculus.OculusLoader.EditorLoadOVRPlugin () [0x0007b] in C:\Users\jacob\Desktop\Project-Airship\ProjectAirship\Library\PackageCache\com.unity.xr.oculus@1.11.0\Runtime\OculusLoader.cs:235 
  at (wrapper managed-to-native) System.Reflection.MonoMethod.InternalInvoke(System.Reflection.MonoMethod,object,object[],System.Exception&)
  at System.Reflection.MonoMethod.Invoke (System.Object obj, System.Reflection.BindingFlags invokeAttr, System.Reflection.Binder binder, System.Object[] parameters, System.Globalization.CultureInfo culture) [0x00032] in <695d1cc93cca45069c528c15c9fdd749>:0 
   --- End of inner exception stack trace ---
  at System.Reflection.MonoMethod.Invoke (System.Object obj, System.Reflection.BindingFlags invokeAttr, System.Reflection.Binder binder, System.Object[] parameters, System.Globalization.CultureInfo culture) [0x00048] in <695d1cc93cca45069c528c15c9fdd749>:0 
  at System.Reflection.MethodBase.Invoke (System.Object obj, System.Object[] parameters) [0x00000] in <695d1cc93cca45069c528c15c9fdd749>:0 
  at UnityEditor.EditorAssemblies.ProcessInitializeOnLoadMethodAttributes () [0x00047] in <7ac35247888b44f4a7e290f1f6bb33f3>:0 
UnityEngine.StackTraceUtility:ExtractStackTrace ()
UnityEngine.DebugLogHandler:LogFormat (UnityEngine.LogType,UnityEngine.Object,string,object[])
UnityEngine.Logger:Log (UnityEngine.LogType,object)
UnityEngine.Debug:LogError (object)
UnityEditor.EditorAssemblies:ProcessInitializeOnLoadMethodAttributes ()

Mono: successfully reloaded assembly
- Completed reload, in  1.609 seconds
Domain Reload Profiling:
	ReloadAssembly (1610ms)
		BeginReloadAssembly (206ms)
			ExecutionOrderSort (0ms)
			DisableScriptedObjects (7ms)
			BackupInstance (0ms)
			ReleaseScriptingObjects (0ms)
			CreateAndSetChildDomain (27ms)
		EndReloadAssembly (1314ms)
			LoadAssemblies (139ms)
			RebuildTransferFunctionScriptingTraits (0ms)
			SetupTypeCache (455ms)
			ReleaseScriptCaches (1ms)
			RebuildScriptCaches (66ms)
			SetupLoadedEditorAssemblies (501ms)
				LogAssemblyErrors (0ms)
				InitializePlatformSupportModulesInManaged (6ms)
				SetLoadedEditorAssemblies (1ms)
				RefreshPlugins (2ms)
				BeforeProcessingInitializeOnLoad (131ms)
				ProcessInitializeOnLoadAttributes (307ms)
				ProcessInitializeOnLoadMethodAttributes (40ms)
				AfterProcessingInitializeOnLoad (13ms)
				EditorAssembliesLoaded (0ms)
			ExecutionOrderSort2 (0ms)
			AwakeInstancesAfterBackupRestoration (11ms)
Platform modules already initialized, skipping
========================================================================
Worker process is ready to serve import requests
Launched and connected shader compiler UnityShaderCompiler.exe after 0.09 seconds
Refreshing native plugins compatible for Editor in 1.09 ms, found 14 plugins.
Preloading 2 native plugins for Editor in 0.25 ms.
Unloading 2197 Unused Serialized files (Serialized files now loaded: 0)
System memory in use before: 92.1 MB.
System memory in use after: 92.2 MB.

Unloading 24 unused Assets to reduce memory usage. Loaded Objects now: 2627.
Total: 4.489500 ms (FindLiveObjects: 0.277300 ms CreateObjectMapping: 0.078700 ms MarkObjects: 4.046100 ms  DeleteObjects: 0.085100 ms)

AssetImportParameters requested are different than current active one (requested -> active):
  custom:framework-win-MediaFoundation: 216162199b28c13a410421893ffa2e32 -> 
  custom:video-decoder-ogg-theora: a1e56fd34408186e4bbccfd4996cb3dc -> 
  custom:container-muxer-webm: aa71ff27fc2769a1b78a27578f13a17b -> 
  custom:container-demuxer-webm: 4f35f7cbe854078d1ac9338744f61a02 -> 
  custom:container-demuxer-ogg: 62fdf1f143b41e24485cea50d1cbac27 -> 
  custom:video-encoder-webm-vp8: eb34c28f22e8b96e1ab97ce403110664 -> 
  custom:video-codec-MediaFoundation-h265: 746d11721c4dcdbdad8f713fa42b33f4 -> 
  custom:video-decoder-webm-vp8: 9c59270c3fd7afecdb556c50c9e8de78 -> 
  custom:audio-decoder-ogg-vorbis: bf7c407c2cedff20999df2af8eb42d56 -> 
  custom:audio-encoder-webm-vorbis: bf7c407c2cedff20999df2af8eb42d56 -> 
========================================================================
Received Import Request.
  path: Assets/_Materials/WoodRailing.mat
  artifactKey: Guid(645c7dbd73f96534dbab43c296be724e) Importer(815301076,1909f56bfc062723c751e8b465ee728b)
Start importing Assets/_Materials/WoodRailing.mat using Guid(645c7dbd73f96534dbab43c296be724e) Importer(815301076,1909f56bfc062723c751e8b465ee728b)  -> (artifact id: '92d3e41de1c91b2ec18e551059793bb4') in 0.480165 seconds 
  Import took 0.485903 seconds .

========================================================================
Received Import Request.
  Time since last request: 0.000379 seconds.
  path: Assets/_Materials/Fixed.mat
  artifactKey: Guid(eee3ad1db4eb2af469e008048f403470) Importer(815301076,1909f56bfc062723c751e8b465ee728b)
Start importing Assets/_Materials/Fixed.mat using Guid(eee3ad1db4eb2af469e008048f403470) Importer(815301076,1909f56bfc062723c751e8b465ee728b)  -> (artifact id: 'c19df11f64d051d28cd8d25b318ce23c') in 0.025168 seconds 
  Import took 0.031581 seconds .

========================================================================
Received Import Request.
  Time since last request: 0.000318 seconds.
  path: Assets/SteamVR/SteamVR.asmdef
  artifactKey: Guid(1fbf338ef6b952a448262a7ff7df5fe4) Importer(815301076,1909f56bfc062723c751e8b465ee728b)
Start importing Assets/SteamVR/SteamVR.asmdef using Guid(1fbf338ef6b952a448262a7ff7df5fe4) Importer(815301076,1909f56bfc062723c751e8b465ee728b)  -> (artifact id: '4afa38c0e97ef39aff4953487add181c') in 0.013092 seconds 
  Import took 0.018998 seconds .

========================================================================
Received Import Request.
  Time since last request: 0.000382 seconds.
  path: Assets/_Materials/WoodFloor.mat
  artifactKey: Guid(8477fad8601ea09469ecb068f5ad227c) Importer(815301076,1909f56bfc062723c751e8b465ee728b)
Start importing Assets/_Materials/WoodFloor.mat using Guid(8477fad8601ea09469ecb068f5ad227c) Importer(815301076,1909f56bfc062723c751e8b465ee728b)  -> (artifact id: '4bc767f0f75215dac437a2a5a18564fa') in 0.022049 seconds 
  Import took 0.026934 seconds .

========================================================================
Received Import Request.
  Time since last request: 0.000376 seconds.
  path: Assets/_Materials/Cracked.mat
  artifactKey: Guid(78d722d09176532439fc604f1890f659) Importer(815301076,1909f56bfc062723c751e8b465ee728b)
Start importing Assets/_Materials/Cracked.mat using Guid(78d722d09176532439fc604f1890f659) Importer(815301076,1909f56bfc062723c751e8b465ee728b)  -> (artifact id: '3c5bbe9a0e63a9f9018fc671884f8eb9') in 0.019979 seconds 
  Import took 0.024659 seconds .

========================================================================
Received Import Request.
  Time since last request: 0.000391 seconds.
  path: Assets/_Materials/Broken.mat
  artifactKey: Guid(e7d642a9839893f46a4ec66727581415) Importer(815301076,1909f56bfc062723c751e8b465ee728b)
Start importing Assets/_Materials/Broken.mat using Guid(e7d642a9839893f46a4ec66727581415) Importer(815301076,1909f56bfc062723c751e8b465ee728b)  -> (artifact id: '25018f04a630ae43a12b1d27125be930') in 0.024369 seconds 
  Import took 0.030422 seconds .

========================================================================
Received Import Request.
  Time since last request: 0.000371 seconds.
  path: Assets/_Materials/Metal.mat
  artifactKey: Guid(2727d955d4508c441b011888c468a576) Importer(815301076,1909f56bfc062723c751e8b465ee728b)
Start importing Assets/_Materials/Metal.mat using Guid(2727d955d4508c441b011888c468a576) Importer(815301076,1909f56bfc062723c751e8b465ee728b)  -> (artifact id: '09bf9dc53e42fe28b4ca6ff954f08f81') in 0.020362 seconds 
  Import took 0.026391 seconds .

========================================================================
Received Import Request.
  Time since last request: 0.000305 seconds.
  path: Assets/_Materials/Damaged.mat
  artifactKey: Guid(fb1e0802cdb559540af19c4748fd7200) Importer(815301076,1909f56bfc062723c751e8b465ee728b)
Start importing Assets/_Materials/Damaged.mat using Guid(fb1e0802cdb559540af19c4748fd7200) Importer(815301076,1909f56bfc062723c751e8b465ee728b)  -> (artifact id: '8e7860758a76b9bf5eb3c6e6b3ac77f6') in 0.021462 seconds 
  Import took 0.026350 seconds .

========================================================================
Received Import Request.
  Time since last request: 1.589480 seconds.
  path: Assets/Scenes/SampleScene.unity
  artifactKey: Guid(9fc0d4010bbf28b4594072e72b8655ab) Importer(815301076,1909f56bfc062723c751e8b465ee728b)
Start importing Assets/Scenes/SampleScene.unity using Guid(9fc0d4010bbf28b4594072e72b8655ab) Importer(815301076,1909f56bfc062723c751e8b465ee728b)  -> (artifact id: '954a24462e61219b71ee4d29db8158fe') in 0.010180 seconds 
  Import took 0.016487 seconds .

========================================================================
Received Import Request.
  Time since last request: 2562.534372 seconds.
  path: Assets/XR/XRGeneralSettings.asset
  artifactKey: Guid(1a4c68ca72a83449f938d669337cb305) Importer(815301076,1909f56bfc062723c751e8b465ee728b)
Start importing Assets/XR/XRGeneralSettings.asset using Guid(1a4c68ca72a83449f938d669337cb305) Importer(815301076,1909f56bfc062723c751e8b465ee728b)  -> (artifact id: '08d9e17dea2805e4b7803c42cf7e9135') in 0.032688 seconds 
  Import took 0.039486 seconds .

========================================================================
Received Import Request.
  Time since last request: 301.482434 seconds.
  path: Assets/ExampleAssets/Materials
  artifactKey: Guid(7e2c000a47cf74a35ba28043f5839c1e) Importer(815301076,1909f56bfc062723c751e8b465ee728b)
Start importing Assets/ExampleAssets/Materials using Guid(7e2c000a47cf74a35ba28043f5839c1e) Importer(815301076,1909f56bfc062723c751e8b465ee728b)  -> (artifact id: '26bf74d7558621a68b77c30069e52a78') in 0.019221 seconds 
  Import took 0.025816 seconds .

========================================================================
Received Import Request.
  Time since last request: 0.358308 seconds.
  path: Assets/ExampleAssets/Materials/Controller.mat
  artifactKey: Guid(3d2e36aacd7dc084b96e0755f1af4137) Importer(815301076,1909f56bfc062723c751e8b465ee728b)
Start importing Assets/ExampleAssets/Materials/Controller.mat using Guid(3d2e36aacd7dc084b96e0755f1af4137) Importer(815301076,1909f56bfc062723c751e8b465ee728b)  -> (artifact id: '190538de078ccba26228a02f916da385') in 0.085662 seconds 
  Import took 0.091889 seconds .

========================================================================
Received Import Request.
  Time since last request: 0.000477 seconds.
  path: Assets/ExampleAssets/Materials/Grid.mat
  artifactKey: Guid(3f9336a53d1d2ea43895699cc52cb411) Importer(815301076,1909f56bfc062723c751e8b465ee728b)
Start importing Assets/ExampleAssets/Materials/Grid.mat using Guid(3f9336a53d1d2ea43895699cc52cb411) Importer(815301076,1909f56bfc062723c751e8b465ee728b)  -> (artifact id: 'e90cd5405dcb0e3276b4d8f6b284132a') in 0.186801 seconds 
  Import took 0.192782 seconds .

========================================================================
Received Import Request.
  Time since last request: 0.000477 seconds.
  path: Assets/ExampleAssets/Materials/Skybox Light.mat
  artifactKey: Guid(3a408e788dcbed6429c8d22a01b32a76) Importer(815301076,1909f56bfc062723c751e8b465ee728b)
Start importing Assets/ExampleAssets/Materials/Skybox Light.mat using Guid(3a408e788dcbed6429c8d22a01b32a76) Importer(815301076,1909f56bfc062723c751e8b465ee728b)  -> (artifact id: 'b010d591817387098af2086f37eb1948') in 0.047757 seconds 
  Import took 0.054561 seconds .

========================================================================
Received Import Request.
  Time since last request: 12.737358 seconds.
  path: Assets/ExampleAssets/Materials/New Material.mat
  artifactKey: Guid(1ba89213a341d954e9a8c041716d9bd9) Importer(815301076,1909f56bfc062723c751e8b465ee728b)
Start importing Assets/ExampleAssets/Materials/New Material.mat using Guid(1ba89213a341d954e9a8c041716d9bd9) Importer(815301076,1909f56bfc062723c751e8b465ee728b)  -> (artifact id: 'abd284a4e388c336a60aeaf0afa43cd4') in 0.031700 seconds 
  Import took 0.039752 seconds .

========================================================================
Received Import Request.
  Time since last request: 9.293632 seconds.
  path: Assets/ExampleAssets/Materials/Gray.mat
  artifactKey: Guid(1ba89213a341d954e9a8c041716d9bd9) Importer(815301076,1909f56bfc062723c751e8b465ee728b)
Start importing Assets/ExampleAssets/Materials/Gray.mat using Guid(1ba89213a341d954e9a8c041716d9bd9) Importer(815301076,1909f56bfc062723c751e8b465ee728b)  -> (artifact id: 'b09a537f06c1355403fce0d27fc4b201') in 0.037351 seconds 
  Import took 0.044520 seconds .

========================================================================
Received Import Request.
  Time since last request: 1577.980709 seconds.
  path: Assets/Reference folder
  artifactKey: Guid(8cdec61caf0c81641824667c98cfc74c) Importer(815301076,1909f56bfc062723c751e8b465ee728b)
Start importing Assets/Reference folder using Guid(8cdec61caf0c81641824667c98cfc74c) Importer(815301076,1909f56bfc062723c751e8b465ee728b)  -> (artifact id: '13f03b742448403a1ebd6c8873ba534f') in 0.016465 seconds 
  Import took 0.023604 seconds .

========================================================================
Received Import Request.
  Time since last request: 169.499878 seconds.
  path: Assets/Reference folder/AirshipLevelDesignPositions.png
  artifactKey: Guid(caf7857b11ed9ff4a95b83801f4b9de8) Importer(815301076,1909f56bfc062723c751e8b465ee728b)
Start importing Assets/Reference folder/AirshipLevelDesignPositions.png using Guid(caf7857b11ed9ff4a95b83801f4b9de8) Importer(815301076,1909f56bfc062723c751e8b465ee728b)  -> (artifact id: 'ab99702e64e20f40e5301595abeab831') in 0.062784 seconds 
  Import took 0.069584 seconds .

========================================================================
Received Import Request.
  Time since last request: 439.317812 seconds.
  path: Assets/ExampleAssets/Tutorial/VRTutorialContainer.asset
  artifactKey: Guid(66a752886585f42d5b39f6f643d399f9) Importer(815301076,1909f56bfc062723c751e8b465ee728b)
Start importing Assets/ExampleAssets/Tutorial/VRTutorialContainer.asset using Guid(66a752886585f42d5b39f6f643d399f9) Importer(815301076,1909f56bfc062723c751e8b465ee728b)  -> (artifact id: 'f38147dab24133c70fdb1d3a432667ee') in 0.012494 seconds 
  Import took 0.018829 seconds .

========================================================================
Received Import Request.
  Time since last request: 0.000492 seconds.
  path: Assets/ExampleAssets/Tutorial/VRTutorialStyle.asset
  artifactKey: Guid(148a9beb0fa9a4026a837fad3a14e6a4) Importer(815301076,1909f56bfc062723c751e8b465ee728b)
Start importing Assets/ExampleAssets/Tutorial/VRTutorialStyle.asset using Guid(148a9beb0fa9a4026a837fad3a14e6a4) Importer(815301076,1909f56bfc062723c751e8b465ee728b)  -> (artifact id: '9d73d8468bc0974f8cd0e6843ab0a92f') in 0.012965 seconds 
  Import took 0.018769 seconds .

========================================================================
Received Import Request.
  Time since last request: 0.000498 seconds.
  path: Assets/ExampleAssets/Tutorial/VRTutorialWelcomePage.asset
  artifactKey: Guid(3bf5c60804f704e11826afa05a7e2152) Importer(815301076,1909f56bfc062723c751e8b465ee728b)
Start importing Assets/ExampleAssets/Tutorial/VRTutorialWelcomePage.asset using Guid(3bf5c60804f704e11826afa05a7e2152) Importer(815301076,1909f56bfc062723c751e8b465ee728b)  -> (artifact id: '6d0a332bda236ee651d43fa670e6458f') in 0.019815 seconds 
  Import took 0.027571 seconds .

========================================================================
Received Import Request.
  Time since last request: 0.000467 seconds.
  path: Assets/ExampleAssets/Tutorial/VRTutorialProjectSettings.asset
  artifactKey: Guid(76b4acc4d12394f60a5accbec43ae2a7) Importer(815301076,1909f56bfc062723c751e8b465ee728b)
Start importing Assets/ExampleAssets/Tutorial/VRTutorialProjectSettings.asset using Guid(76b4acc4d12394f60a5accbec43ae2a7) Importer(815301076,1909f56bfc062723c751e8b465ee728b)  -> (artifact id: '053d508412afca1560bdb80a131f7808') in 0.016934 seconds 
  Import took 0.024101 seconds .

========================================================================
Received Import Request.
  Time since last request: 11.015237 seconds.
  path: Assets/Scenes/SampleScene.unity
  artifactKey: Guid(9fc0d4010bbf28b4594072e72b8655ab) Importer(815301076,1909f56bfc062723c751e8b465ee728b)
Start importing Assets/Scenes/SampleScene.unity using Guid(9fc0d4010bbf28b4594072e72b8655ab) Importer(815301076,1909f56bfc062723c751e8b465ee728b)  -> (artifact id: '56a0448a2b4fb7f40ae0cecb90f9e518') in 0.014100 seconds 
  Import took 0.026441 seconds .

========================================================================
Received Import Request.
  Time since last request: 39.241431 seconds.
  path: Assets/Scenes/Raft_Scene_1.unity
  artifactKey: Guid(9fc0d4010bbf28b4594072e72b8655ab) Importer(815301076,1909f56bfc062723c751e8b465ee728b)
Start importing Assets/Scenes/Raft_Scene_1.unity using Guid(9fc0d4010bbf28b4594072e72b8655ab) Importer(815301076,1909f56bfc062723c751e8b465ee728b)  -> (artifact id: '5fbad135867d8d1eaa9d098907077c02') in 0.014009 seconds 
  Import took 0.022483 seconds .

========================================================================
Received Import Request.
  Time since last request: 3.130457 seconds.
  path: Assets/Scenes/SampleSceneSettings.lighting
  artifactKey: Guid(f29e77a1f3459794d8d63c953bf7301a) Importer(815301076,1909f56bfc062723c751e8b465ee728b)
Start importing Assets/Scenes/SampleSceneSettings.lighting using Guid(f29e77a1f3459794d8d63c953bf7301a) Importer(815301076,1909f56bfc062723c751e8b465ee728b)  -> (artifact id: 'e92464058403a9fc81d3aaca92dcf693') in 0.011353 seconds 
  Import took 0.016757 seconds .

========================================================================
Received Import Request.
  Time since last request: 21.922889 seconds.
  path: Assets/Scenes/Raft_Scene_1 1.unity
  artifactKey: Guid(4fd0cfeb3ca849e4f865bf92dae866dd) Importer(815301076,1909f56bfc062723c751e8b465ee728b)
Start importing Assets/Scenes/Raft_Scene_1 1.unity using Guid(4fd0cfeb3ca849e4f865bf92dae866dd) Importer(815301076,1909f56bfc062723c751e8b465ee728b)  -> (artifact id: 'fc52970a1c52db11e5d7e6a7ddd01030') in 0.016742 seconds 
  Import took 0.026611 seconds .

========================================================================
Received Import Request.
  Time since last request: 2.552809 seconds.
  path: Assets/Scenes/Raft_Scene_1 2.unity
  artifactKey: Guid(5ec0f1c6cf59f99449ecab09f135a07d) Importer(815301076,1909f56bfc062723c751e8b465ee728b)
Start importing Assets/Scenes/Raft_Scene_1 2.unity using Guid(5ec0f1c6cf59f99449ecab09f135a07d) Importer(815301076,1909f56bfc062723c751e8b465ee728b)  -> (artifact id: '4eeb4d3f7e0c0b51302c107c8e439bb7') in 0.013248 seconds 
  Import took 0.022840 seconds .

========================================================================
Received Import Request.
  Time since last request: 8.492917 seconds.
  path: Assets/Scenes/Raft_Scene_2 2.unity
  artifactKey: Guid(5ec0f1c6cf59f99449ecab09f135a07d) Importer(815301076,1909f56bfc062723c751e8b465ee728b)
Start importing Assets/Scenes/Raft_Scene_2 2.unity using Guid(5ec0f1c6cf59f99449ecab09f135a07d) Importer(815301076,1909f56bfc062723c751e8b465ee728b)  -> (artifact id: '6d74ab96ae2f0271432a77ea9cc9cf3e') in 0.011446 seconds 
  Import took 0.019650 seconds .

========================================================================
Received Import Request.
  Time since last request: 19.559396 seconds.
  path: Assets/Scenes/Raft_Scene_3.unity
  artifactKey: Guid(9fc0d4010bbf28b4594072e72b8655ab) Importer(815301076,1909f56bfc062723c751e8b465ee728b)
Start importing Assets/Scenes/Raft_Scene_3.unity using Guid(9fc0d4010bbf28b4594072e72b8655ab) Importer(815301076,1909f56bfc062723c751e8b465ee728b)  -> (artifact id: '8f08c4fa3ed5d1a8de7dcc99e7673bc9') in 0.015180 seconds 
  Import took 0.023729 seconds .

========================================================================
Received Import Request.
  Time since last request: 22.448412 seconds.
  path: Assets/Scenes/Raft_S_1.unity
  artifactKey: Guid(4fd0cfeb3ca849e4f865bf92dae866dd) Importer(815301076,1909f56bfc062723c751e8b465ee728b)
Start importing Assets/Scenes/Raft_S_1.unity using Guid(4fd0cfeb3ca849e4f865bf92dae866dd) Importer(815301076,1909f56bfc062723c751e8b465ee728b)  -> (artifact id: '86de6a2cc4498dec78d76804cc8238a1') in 0.012237 seconds 
  Import took 0.020896 seconds .

========================================================================
Received Import Request.
  Time since last request: 12.783230 seconds.
  path: Assets/Scenes/Raft_S_2.unity
  artifactKey: Guid(5ec0f1c6cf59f99449ecab09f135a07d) Importer(815301076,1909f56bfc062723c751e8b465ee728b)
Start importing Assets/Scenes/Raft_S_2.unity using Guid(5ec0f1c6cf59f99449ecab09f135a07d) Importer(815301076,1909f56bfc062723c751e8b465ee728b)  -> (artifact id: '2ae9816537dd55c925fdbc64a3713deb') in 0.018696 seconds 
  Import took 0.029630 seconds .

========================================================================
Received Import Request.
  Time since last request: 12.642267 seconds.
  path: Assets/Scenes/Raft_S_3.unity
  artifactKey: Guid(9fc0d4010bbf28b4594072e72b8655ab) Importer(815301076,1909f56bfc062723c751e8b465ee728b)
Start importing Assets/Scenes/Raft_S_3.unity using Guid(9fc0d4010bbf28b4594072e72b8655ab) Importer(815301076,1909f56bfc062723c751e8b465ee728b)  -> (artifact id: '142715603d6e8fa6441fc77751675ccf') in 0.014563 seconds 
  Import took 0.022773 seconds .

========================================================================
Received Import Request.
  Time since last request: 59.175014 seconds.
  path: Assets/Scenes/Raft_S_2.unity
  artifactKey: Guid(5ec0f1c6cf59f99449ecab09f135a07d) Importer(815301076,1909f56bfc062723c751e8b465ee728b)
Start importing Assets/Scenes/Raft_S_2.unity using Guid(5ec0f1c6cf59f99449ecab09f135a07d) Importer(815301076,1909f56bfc062723c751e8b465ee728b)  -> (artifact id: 'e5cc061c7342a4b8225599ac89294c65') in 0.012051 seconds 
  Import took 0.018961 seconds .

========================================================================
Received Import Request.
  Time since last request: 252.168947 seconds.
  path: Assets/Scenes/Raft_S_2.unity
  artifactKey: Guid(5ec0f1c6cf59f99449ecab09f135a07d) Importer(815301076,1909f56bfc062723c751e8b465ee728b)
Start importing Assets/Scenes/Raft_S_2.unity using Guid(5ec0f1c6cf59f99449ecab09f135a07d) Importer(815301076,1909f56bfc062723c751e8b465ee728b)  -> (artifact id: '1d92068f0cdf0c2cfd9746e9786bcc8b') in 0.011746 seconds 
  Import took 0.019679 seconds .

========================================================================
Received Import Request.
  Time since last request: 1.537282 seconds.
  path: Assets/Scenes/Raft_S_3.unity
  artifactKey: Guid(9fc0d4010bbf28b4594072e72b8655ab) Importer(815301076,1909f56bfc062723c751e8b465ee728b)
Start importing Assets/Scenes/Raft_S_3.unity using Guid(9fc0d4010bbf28b4594072e72b8655ab) Importer(815301076,1909f56bfc062723c751e8b465ee728b)  -> (artifact id: '23272bad8d6412871d2c4ee058f212f8') in 0.012295 seconds 
  Import took 0.020438 seconds .

AssetImportWorkerClient::OnTransportError - code=2 error=End of file
